[13-Sep-2017 19:14:54 UTC] PHP Parse error:  syntax error, unexpected 'print_r' (T_STRING) in /home/ubuntu/workspace/cst336/practice/Php_array.php on line 4
[13-Sep-2017 19:36:07 UTC] PHP Parse error:  syntax error, unexpected '}' in /home/ubuntu/workspace/cst336/practice/Php_array.php on line 37
[13-Sep-2017 19:40:20 UTC] PHP Warning:  array_values() expects exactly 1 parameter, 0 given in /home/ubuntu/workspace/cst336/practice/Php_array.php on line 41
[13-Sep-2017 19:40:20 UTC] PHP Stack trace:
[13-Sep-2017 19:40:20 UTC] PHP   1. {main}() /home/ubuntu/workspace/cst336/practice/Php_array.php:0
[13-Sep-2017 19:40:20 UTC] PHP   2. array_values() /home/ubuntu/workspace/cst336/practice/Php_array.php:41
[08-Dec-2017 02:56:13 UTC] PHP Warning:  include(loginphp): failed to open stream: No such file or directory in /home/ubuntu/workspace/cst336/finalProject/admin.php on line 17
[08-Dec-2017 02:56:13 UTC] PHP Stack trace:
[08-Dec-2017 02:56:13 UTC] PHP   1. {main}() /home/ubuntu/workspace/cst336/finalProject/admin.php:0
[08-Dec-2017 02:56:13 UTC] PHP Warning:  include(): Failed opening 'loginphp' for inclusion (include_path='.:/usr/share/php:/usr/share/pear') in /home/ubuntu/workspace/cst336/finalProject/admin.php on line 17
[08-Dec-2017 02:56:13 UTC] PHP Stack trace:
[08-Dec-2017 02:56:13 UTC] PHP   1. {main}() /home/ubuntu/workspace/cst336/finalProject/admin.php:0
[08-Dec-2017 02:57:08 UTC] PHP Warning:  include(../../../dbConnection.php): failed to open stream: No such file or directory in /home/ubuntu/workspace/cst336/finalProject/login.php on line 5
[08-Dec-2017 02:57:08 UTC] PHP Stack trace:
[08-Dec-2017 02:57:08 UTC] PHP   1. {main}() /home/ubuntu/workspace/cst336/finalProject/admin.php:0
[08-Dec-2017 02:57:08 UTC] PHP   2. include() /home/ubuntu/workspace/cst336/finalProject/admin.php:17
[08-Dec-2017 02:57:08 UTC] PHP Warning:  include(): Failed opening '../../../dbConnection.php' for inclusion (include_path='.:/usr/share/php:/usr/share/pear') in /home/ubuntu/workspace/cst336/finalProject/login.php on line 5
[08-Dec-2017 02:57:08 UTC] PHP Stack trace:
[08-Dec-2017 02:57:08 UTC] PHP   1. {main}() /home/ubuntu/workspace/cst336/finalProject/admin.php:0
[08-Dec-2017 02:57:08 UTC] PHP   2. include() /home/ubuntu/workspace/cst336/finalProject/admin.php:17
[08-Dec-2017 02:57:08 UTC] PHP Fatal error:  Call to undefined function getDatabaseConnection() in /home/ubuntu/workspace/cst336/finalProject/login.php on line 6
[08-Dec-2017 02:57:08 UTC] PHP Stack trace:
[08-Dec-2017 02:57:08 UTC] PHP   1. {main}() /home/ubuntu/workspace/cst336/finalProject/admin.php:0
[08-Dec-2017 02:57:08 UTC] PHP   2. include() /home/ubuntu/workspace/cst336/finalProject/admin.php:17
[08-Dec-2017 06:52:21 UTC] PHP Fatal error:  Call to undefined function getPokemonnInfo() in /home/ubuntu/workspace/cst336/finalProject/updatePokemon.php on line 65
[08-Dec-2017 06:52:21 UTC] PHP Stack trace:
[08-Dec-2017 06:52:21 UTC] PHP   1. {main}() /home/ubuntu/workspace/cst336/finalProject/updatePokemon.php:0
[08-Dec-2017 07:42:25 UTC] PHP Fatal error:  Uncaught exception 'PDOException' with message 'SQLSTATE[HY093]: Invalid parameter number: number of bound variables does not match number of tokens' in /home/ubuntu/workspace/cst336/finalProject/deletePokemon.php:39
Stack trace:
#0 /home/ubuntu/workspace/cst336/finalProject/deletePokemon.php(39): PDOStatement->execute(Array)
#1 {main}
  thrown in /home/ubuntu/workspace/cst336/finalProject/deletePokemon.php on line 39
[08-Dec-2017 07:45:07 UTC] PHP Fatal error:  Uncaught exception 'PDOException' with message 'SQLSTATE[HY093]: Invalid parameter number: number of bound variables does not match number of tokens' in /home/ubuntu/workspace/cst336/finalProject/deletePokemon.php:38
Stack trace:
#0 /home/ubuntu/workspace/cst336/finalProject/deletePokemon.php(38): PDOStatement->execute(Array)
#1 {main}
  thrown in /home/ubuntu/workspace/cst336/finalProject/deletePokemon.php on line 38
[08-Dec-2017 07:45:18 UTC] PHP Fatal error:  Uncaught exception 'PDOException' with message 'SQLSTATE[HY093]: Invalid parameter number: number of bound variables does not match number of tokens' in /home/ubuntu/workspace/cst336/finalProject/deletePokemon.php:38
Stack trace:
#0 /home/ubuntu/workspace/cst336/finalProject/deletePokemon.php(38): PDOStatement->execute(Array)
#1 {main}
  thrown in /home/ubuntu/workspace/cst336/finalProject/deletePokemon.php on line 38
[08-Dec-2017 10:12:09 UTC] PHP Fatal error:  Uncaught exception 'PDOException' with message 'SQLSTATE[42S02]: Base table or view not found: 1146 Table 'project.admin' doesn't exist' in /home/ubuntu/workspace/cst336/finalProject/login.php:12
Stack trace:
#0 /home/ubuntu/workspace/cst336/finalProject/login.php(12): PDOStatement->execute(Array)
#1 /home/ubuntu/workspace/cst336/finalProject/admin.php(28): include('/home/ubuntu/wo...')
#2 {main}
  thrown in /home/ubuntu/workspace/cst336/finalProject/login.php on line 12
