[07-Dec-2017 01:02:13 UTC] PHP Fatal error:  Uncaught exception 'PDOException' with message 'SQLSTATE[HY093]: Invalid parameter number: no parameters were bound' in /home/ubuntu/workspace/cst336/finalProject/api/getPokemonInfo.php:10
Stack trace:
#0 /home/ubuntu/workspace/cst336/finalProject/api/getPokemonInfo.php(10): PDOStatement->execute()
#1 {main}
  thrown in /home/ubuntu/workspace/cst336/finalProject/api/getPokemonInfo.php on line 10
[07-Dec-2017 01:02:34 UTC] PHP Fatal error:  Uncaught exception 'PDOException' with message 'SQLSTATE[HY093]: Invalid parameter number: no parameters were bound' in /home/ubuntu/workspace/cst336/finalProject/api/getPokemonInfo.php:10
Stack trace:
#0 /home/ubuntu/workspace/cst336/finalProject/api/getPokemonInfo.php(10): PDOStatement->execute()
#1 {main}
  thrown in /home/ubuntu/workspace/cst336/finalProject/api/getPokemonInfo.php on line 10
[07-Dec-2017 01:02:38 UTC] PHP Fatal error:  Uncaught exception 'PDOException' with message 'SQLSTATE[HY093]: Invalid parameter number: no parameters were bound' in /home/ubuntu/workspace/cst336/finalProject/api/getPokemonInfo.php:10
Stack trace:
#0 /home/ubuntu/workspace/cst336/finalProject/api/getPokemonInfo.php(10): PDOStatement->execute()
#1 {main}
  thrown in /home/ubuntu/workspace/cst336/finalProject/api/getPokemonInfo.php on line 10
[07-Dec-2017 01:16:45 UTC] PHP Fatal error:  Uncaught exception 'PDOException' with message 'SQLSTATE[HY093]: Invalid parameter number: parameter was not defined' in /home/ubuntu/workspace/cst336/finalProject/api/getPokemonInfo.php:10
Stack trace:
#0 /home/ubuntu/workspace/cst336/finalProject/api/getPokemonInfo.php(10): PDOStatement->execute(Array)
#1 {main}
  thrown in /home/ubuntu/workspace/cst336/finalProject/api/getPokemonInfo.php on line 10
[07-Dec-2017 01:16:49 UTC] PHP Fatal error:  Uncaught exception 'PDOException' with message 'SQLSTATE[HY093]: Invalid parameter number: parameter was not defined' in /home/ubuntu/workspace/cst336/finalProject/api/getPokemonInfo.php:10
Stack trace:
#0 /home/ubuntu/workspace/cst336/finalProject/api/getPokemonInfo.php(10): PDOStatement->execute(Array)
#1 {main}
  thrown in /home/ubuntu/workspace/cst336/finalProject/api/getPokemonInfo.php on line 10
[07-Dec-2017 03:57:56 UTC] PHP Fatal error:  Cannot use [] for reading in /home/ubuntu/workspace/cst336/finalProject/api/getPokemonInfo.php on line 10
[07-Dec-2017 04:38:14 UTC] PHP Fatal error:  Uncaught exception 'PDOException' with message 'SQLSTATE[HY093]: Invalid parameter number: parameter was not defined' in /home/ubuntu/workspace/cst336/finalProject/api/getPokemonInfo.php:10
Stack trace:
#0 /home/ubuntu/workspace/cst336/finalProject/api/getPokemonInfo.php(10): PDOStatement->execute(Array)
#1 {main}
  thrown in /home/ubuntu/workspace/cst336/finalProject/api/getPokemonInfo.php on line 10
[07-Dec-2017 04:38:23 UTC] PHP Fatal error:  Uncaught exception 'PDOException' with message 'SQLSTATE[HY093]: Invalid parameter number: parameter was not defined' in /home/ubuntu/workspace/cst336/finalProject/api/getPokemonInfo.php:10
Stack trace:
#0 /home/ubuntu/workspace/cst336/finalProject/api/getPokemonInfo.php(10): PDOStatement->execute(Array)
#1 {main}
  thrown in /home/ubuntu/workspace/cst336/finalProject/api/getPokemonInfo.php on line 10
[07-Dec-2017 04:38:28 UTC] PHP Fatal error:  Uncaught exception 'PDOException' with message 'SQLSTATE[HY093]: Invalid parameter number: parameter was not defined' in /home/ubuntu/workspace/cst336/finalProject/api/getPokemonInfo.php:10
Stack trace:
#0 /home/ubuntu/workspace/cst336/finalProject/api/getPokemonInfo.php(10): PDOStatement->execute(Array)
#1 {main}
  thrown in /home/ubuntu/workspace/cst336/finalProject/api/getPokemonInfo.php on line 10
[07-Dec-2017 05:33:44 UTC] PHP Fatal error:  Uncaught exception 'PDOException' with message 'SQLSTATE[HY093]: Invalid parameter number: no parameters were bound' in /home/ubuntu/workspace/cst336/finalProject/api/getPicture.php:9
Stack trace:
#0 /home/ubuntu/workspace/cst336/finalProject/api/getPicture.php(9): PDOStatement->execute()
#1 {main}
  thrown in /home/ubuntu/workspace/cst336/finalProject/api/getPicture.php on line 9
[07-Dec-2017 05:34:32 UTC] PHP Fatal error:  Uncaught exception 'PDOException' with message 'SQLSTATE[HY093]: Invalid parameter number: no parameters were bound' in /home/ubuntu/workspace/cst336/finalProject/api/getPicture.php:9
Stack trace:
#0 /home/ubuntu/workspace/cst336/finalProject/api/getPicture.php(9): PDOStatement->execute()
#1 {main}
  thrown in /home/ubuntu/workspace/cst336/finalProject/api/getPicture.php on line 9
[07-Dec-2017 05:37:07 UTC] PHP Fatal error:  Uncaught exception 'PDOException' with message 'SQLSTATE[HY093]: Invalid parameter number: no parameters were bound' in /home/ubuntu/workspace/cst336/finalProject/api/getPicture.php:9
Stack trace:
#0 /home/ubuntu/workspace/cst336/finalProject/api/getPicture.php(9): PDOStatement->execute()
#1 {main}
  thrown in /home/ubuntu/workspace/cst336/finalProject/api/getPicture.php on line 9
[07-Dec-2017 05:37:09 UTC] PHP Fatal error:  Uncaught exception 'PDOException' with message 'SQLSTATE[HY093]: Invalid parameter number: no parameters were bound' in /home/ubuntu/workspace/cst336/finalProject/api/getPicture.php:9
Stack trace:
#0 /home/ubuntu/workspace/cst336/finalProject/api/getPicture.php(9): PDOStatement->execute()
#1 {main}
  thrown in /home/ubuntu/workspace/cst336/finalProject/api/getPicture.php on line 9
[07-Dec-2017 05:37:14 UTC] PHP Fatal error:  Uncaught exception 'PDOException' with message 'SQLSTATE[HY093]: Invalid parameter number: no parameters were bound' in /home/ubuntu/workspace/cst336/finalProject/api/getPicture.php:9
Stack trace:
#0 /home/ubuntu/workspace/cst336/finalProject/api/getPicture.php(9): PDOStatement->execute()
#1 {main}
  thrown in /home/ubuntu/workspace/cst336/finalProject/api/getPicture.php on line 9
[07-Dec-2017 05:40:46 UTC] PHP Fatal error:  Uncaught exception 'PDOException' with message 'SQLSTATE[HY093]: Invalid parameter number: no parameters were bound' in /home/ubuntu/workspace/cst336/finalProject/api/getPicture.php:9
Stack trace:
#0 /home/ubuntu/workspace/cst336/finalProject/api/getPicture.php(9): PDOStatement->execute()
#1 {main}
  thrown in /home/ubuntu/workspace/cst336/finalProject/api/getPicture.php on line 9
[07-Dec-2017 05:42:19 UTC] PHP Fatal error:  Uncaught exception 'PDOException' with message 'SQLSTATE[HY093]: Invalid parameter number: no parameters were bound' in /home/ubuntu/workspace/cst336/finalProject/api/getPicture.php:9
Stack trace:
#0 /home/ubuntu/workspace/cst336/finalProject/api/getPicture.php(9): PDOStatement->execute()
#1 {main}
  thrown in /home/ubuntu/workspace/cst336/finalProject/api/getPicture.php on line 9
[07-Dec-2017 05:42:22 UTC] PHP Fatal error:  Uncaught exception 'PDOException' with message 'SQLSTATE[HY093]: Invalid parameter number: no parameters were bound' in /home/ubuntu/workspace/cst336/finalProject/api/getPicture.php:9
Stack trace:
#0 /home/ubuntu/workspace/cst336/finalProject/api/getPicture.php(9): PDOStatement->execute()
#1 {main}
  thrown in /home/ubuntu/workspace/cst336/finalProject/api/getPicture.php on line 9
[07-Dec-2017 05:43:49 UTC] PHP Fatal error:  Uncaught exception 'PDOException' with message 'SQLSTATE[HY093]: Invalid parameter number: no parameters were bound' in /home/ubuntu/workspace/cst336/finalProject/api/getPicture.php:9
Stack trace:
#0 /home/ubuntu/workspace/cst336/finalProject/api/getPicture.php(9): PDOStatement->execute()
#1 {main}
  thrown in /home/ubuntu/workspace/cst336/finalProject/api/getPicture.php on line 9
[07-Dec-2017 05:43:57 UTC] PHP Fatal error:  Uncaught exception 'PDOException' with message 'SQLSTATE[HY093]: Invalid parameter number: no parameters were bound' in /home/ubuntu/workspace/cst336/finalProject/api/getPicture.php:9
Stack trace:
#0 /home/ubuntu/workspace/cst336/finalProject/api/getPicture.php(9): PDOStatement->execute()
#1 {main}
  thrown in /home/ubuntu/workspace/cst336/finalProject/api/getPicture.php on line 9
[07-Dec-2017 05:44:05 UTC] PHP Fatal error:  Uncaught exception 'PDOException' with message 'SQLSTATE[HY093]: Invalid parameter number: no parameters were bound' in /home/ubuntu/workspace/cst336/finalProject/api/getPicture.php:9
Stack trace:
#0 /home/ubuntu/workspace/cst336/finalProject/api/getPicture.php(9): PDOStatement->execute()
#1 {main}
  thrown in /home/ubuntu/workspace/cst336/finalProject/api/getPicture.php on line 9
[07-Dec-2017 05:44:31 UTC] PHP Fatal error:  Uncaught exception 'PDOException' with message 'SQLSTATE[HY093]: Invalid parameter number: no parameters were bound' in /home/ubuntu/workspace/cst336/finalProject/api/getPicture.php:9
Stack trace:
#0 /home/ubuntu/workspace/cst336/finalProject/api/getPicture.php(9): PDOStatement->execute()
#1 {main}
  thrown in /home/ubuntu/workspace/cst336/finalProject/api/getPicture.php on line 9
[08-Dec-2017 10:03:51 UTC] PHP Fatal error:  Uncaught exception 'PDOException' with message 'SQLSTATE[42S02]: Base table or view not found: 1146 Table 'project.pokemon' doesn't exist' in /home/ubuntu/workspace/cst336/finalProject/api/getPokemonInfo.php:10
Stack trace:
#0 /home/ubuntu/workspace/cst336/finalProject/api/getPokemonInfo.php(10): PDOStatement->execute(Array)
#1 {main}
  thrown in /home/ubuntu/workspace/cst336/finalProject/api/getPokemonInfo.php on line 10
[08-Dec-2017 10:04:31 UTC] PHP Fatal error:  Uncaught exception 'PDOException' with message 'SQLSTATE[42S02]: Base table or view not found: 1146 Table 'project.Pokemon' doesn't exist' in /home/ubuntu/workspace/cst336/finalProject/api/getPokemonInfo.php:10
Stack trace:
#0 /home/ubuntu/workspace/cst336/finalProject/api/getPokemonInfo.php(10): PDOStatement->execute(Array)
#1 {main}
  thrown in /home/ubuntu/workspace/cst336/finalProject/api/getPokemonInfo.php on line 10
[08-Dec-2017 10:05:02 UTC] PHP Fatal error:  Uncaught exception 'PDOException' with message 'SQLSTATE[42S02]: Base table or view not found: 1146 Table 'project.Pokemon' doesn't exist' in /home/ubuntu/workspace/cst336/finalProject/api/getPokemonInfo.php:10
Stack trace:
#0 /home/ubuntu/workspace/cst336/finalProject/api/getPokemonInfo.php(10): PDOStatement->execute(Array)
#1 {main}
  thrown in /home/ubuntu/workspace/cst336/finalProject/api/getPokemonInfo.php on line 10
[08-Dec-2017 10:08:26 UTC] PHP Fatal error:  Uncaught exception 'PDOException' with message 'SQLSTATE[42S02]: Base table or view not found: 1146 Table 'project.Pokemon' doesn't exist' in /home/ubuntu/workspace/cst336/finalProject/api/getPokemonInfo.php:10
Stack trace:
#0 /home/ubuntu/workspace/cst336/finalProject/api/getPokemonInfo.php(10): PDOStatement->execute(Array)
#1 {main}
  thrown in /home/ubuntu/workspace/cst336/finalProject/api/getPokemonInfo.php on line 10
[08-Dec-2017 10:10:52 UTC] PHP Fatal error:  Uncaught exception 'PDOException' with message 'SQLSTATE[42S02]: Base table or view not found: 1146 Table 'project.Pokemon' doesn't exist' in /home/ubuntu/workspace/cst336/finalProject/api/getPokemonInfo.php:11
Stack trace:
#0 /home/ubuntu/workspace/cst336/finalProject/api/getPokemonInfo.php(11): PDOStatement->execute(Array)
#1 {main}
  thrown in /home/ubuntu/workspace/cst336/finalProject/api/getPokemonInfo.php on line 11
[08-Dec-2017 10:12:05 UTC] PHP Fatal error:  Uncaught exception 'PDOException' with message 'SQLSTATE[42S02]: Base table or view not found: 1146 Table 'project.Pokemon' doesn't exist' in /home/ubuntu/workspace/cst336/finalProject/api/getPokemonInfo.php:10
Stack trace:
#0 /home/ubuntu/workspace/cst336/finalProject/api/getPokemonInfo.php(10): PDOStatement->execute(Array)
#1 {main}
  thrown in /home/ubuntu/workspace/cst336/finalProject/api/getPokemonInfo.php on line 10
[08-Dec-2017 10:13:44 UTC] PHP Fatal error:  Uncaught exception 'PDOException' with message 'SQLSTATE[42S02]: Base table or view not found: 1146 Table 'pokemon.pokemon' doesn't exist' in /home/ubuntu/workspace/cst336/finalProject/api/getPicture.php:9
Stack trace:
#0 /home/ubuntu/workspace/cst336/finalProject/api/getPicture.php(9): PDOStatement->execute(Array)
#1 {main}
  thrown in /home/ubuntu/workspace/cst336/finalProject/api/getPicture.php on line 9
[08-Dec-2017 10:13:46 UTC] PHP Fatal error:  Uncaught exception 'PDOException' with message 'SQLSTATE[42S02]: Base table or view not found: 1146 Table 'pokemon.pokemon' doesn't exist' in /home/ubuntu/workspace/cst336/finalProject/api/getPicture.php:9
Stack trace:
#0 /home/ubuntu/workspace/cst336/finalProject/api/getPicture.php(9): PDOStatement->execute(Array)
#1 {main}
  thrown in /home/ubuntu/workspace/cst336/finalProject/api/getPicture.php on line 9
[08-Dec-2017 10:13:57 UTC] PHP Fatal error:  Uncaught exception 'PDOException' with message 'SQLSTATE[42S02]: Base table or view not found: 1146 Table 'pokemon.pokemon' doesn't exist' in /home/ubuntu/workspace/cst336/finalProject/api/getPicture.php:9
Stack trace:
#0 /home/ubuntu/workspace/cst336/finalProject/api/getPicture.php(9): PDOStatement->execute(Array)
#1 {main}
  thrown in /home/ubuntu/workspace/cst336/finalProject/api/getPicture.php on line 9
[08-Dec-2017 10:18:59 UTC] PHP Fatal error:  Uncaught exception 'PDOException' with message 'SQLSTATE[42S02]: Base table or view not found: 1146 Table 'pokemon.pokemon' doesn't exist' in /home/ubuntu/workspace/cst336/finalProject/api/getPokemonInfo.php:10
Stack trace:
#0 /home/ubuntu/workspace/cst336/finalProject/api/getPokemonInfo.php(10): PDOStatement->execute(Array)
#1 {main}
  thrown in /home/ubuntu/workspace/cst336/finalProject/api/getPokemonInfo.php on line 10
[08-Dec-2017 10:19:02 UTC] PHP Fatal error:  Uncaught exception 'PDOException' with message 'SQLSTATE[42S02]: Base table or view not found: 1146 Table 'pokemon.pokemon' doesn't exist' in /home/ubuntu/workspace/cst336/finalProject/api/getPokemonInfo.php:10
Stack trace:
#0 /home/ubuntu/workspace/cst336/finalProject/api/getPokemonInfo.php(10): PDOStatement->execute(Array)
#1 {main}
  thrown in /home/ubuntu/workspace/cst336/finalProject/api/getPokemonInfo.php on line 10
[08-Dec-2017 10:21:19 UTC] PHP Fatal error:  Uncaught exception 'PDOException' with message 'SQLSTATE[42S02]: Base table or view not found: 1146 Table 'pokemon.pokemon' doesn't exist' in /home/ubuntu/workspace/cst336/finalProject/api/getPicture.php:9
Stack trace:
#0 /home/ubuntu/workspace/cst336/finalProject/api/getPicture.php(9): PDOStatement->execute(Array)
#1 {main}
  thrown in /home/ubuntu/workspace/cst336/finalProject/api/getPicture.php on line 9
[08-Dec-2017 10:24:23 UTC] PHP Fatal error:  Uncaught exception 'PDOException' with message 'SQLSTATE[42S02]: Base table or view not found: 1146 Table 'pokemon.pokemon' doesn't exist' in /home/ubuntu/workspace/cst336/finalProject/api/getPokemonInfo.php:10
Stack trace:
#0 /home/ubuntu/workspace/cst336/finalProject/api/getPokemonInfo.php(10): PDOStatement->execute(Array)
#1 {main}
  thrown in /home/ubuntu/workspace/cst336/finalProject/api/getPokemonInfo.php on line 10
[08-Dec-2017 10:29:31 UTC] PHP Fatal error:  Uncaught exception 'PDOException' with message 'SQLSTATE[42S02]: Base table or view not found: 1146 Table 'pokemon.pokemon' doesn't exist' in /home/ubuntu/workspace/cst336/finalProject/api/getPokemonInfo.php:10
Stack trace:
#0 /home/ubuntu/workspace/cst336/finalProject/api/getPokemonInfo.php(10): PDOStatement->execute(Array)
#1 {main}
  thrown in /home/ubuntu/workspace/cst336/finalProject/api/getPokemonInfo.php on line 10
[08-Dec-2017 10:29:50 UTC] PHP Fatal error:  Uncaught exception 'PDOException' with message 'SQLSTATE[42S02]: Base table or view not found: 1146 Table 'pokemon.pokemon' doesn't exist' in /home/ubuntu/workspace/cst336/finalProject/api/getPicture.php:9
Stack trace:
#0 /home/ubuntu/workspace/cst336/finalProject/api/getPicture.php(9): PDOStatement->execute(Array)
#1 {main}
  thrown in /home/ubuntu/workspace/cst336/finalProject/api/getPicture.php on line 9
